<?xml version="1.0" encoding="UTF-8" ?>
<testsuite errors="1" failures="0" hostname="Tonnu" name="service.AuctionHouseTest" skipped="0" tests="3" time="85.763" timestamp="2014-04-23T12:36:47">
  <properties>
[...]
</properties>
  <testcase classname="service.AuctionHouseTest" name="boughtItemFromAuctionHouse" time="0.187" />
  <testcase classname="service.AuctionHouseTest" name="newItemForSaleRequest" time="83.037">
    <error message="failed to lookup instance of interface javax.jms.QueueConnectionFactory at queueConnectionFactory" type="java.lang.IllegalArgumentException">java.lang.IllegalArgumentException: failed to lookup instance of interface javax.jms.QueueConnectionFactory at queueConnectionFactory
	at com.ptsesd.groepb.shared.jms.MessagingGateway.lookup(MessagingGateway.java:69)
	at com.ptsesd.groepb.shared.jms.MessagingGateway.&lt;init&gt;(MessagingGateway.java:76)
	at service.AuctionHouseTest.newItemForSaleRequest(AuctionHouseTest.java:139)
Caused by: javax.naming.NamingException: Lookup failed for &apos;queueConnectionFactory&apos; in SerialContext[myEnv={java.naming.factory.initial=com.sun.enterprise.naming.impl.SerialInitContextFactory, java.naming.factory.url.pkgs=com.sun.enterprise.naming, java.naming.factory.state=com.sun.corba.ee.impl.presentation.rmi.JNDIStateFactoryImpl} [Root exception is javax.naming.NamingException: Unable to acquire SerialContextProvider for SerialContext[myEnv={java.naming.factory.initial=com.sun.enterprise.naming.impl.SerialInitContextFactory, java.naming.factory.url.pkgs=com.sun.enterprise.naming, java.naming.factory.state=com.sun.corba.ee.impl.presentation.rmi.JNDIStateFactoryImpl} [Root exception is org.omg.CORBA.COMM_FAILURE: FINE: 00410001: Connection failure: socketType: IIOP_CLEAR_TEXT; hostname: localhost; port: 3700  vmcid: OMG  minor code: 1  completed: No]]
	at com.sun.enterprise.naming.impl.SerialContext.lookup(SerialContext.java:491)
	at com.sun.enterprise.naming.impl.SerialContext.lookup(SerialContext.java:438)
	at javax.naming.InitialContext.lookup(InitialContext.java:411)
	at javax.naming.InitialContext.doLookup(InitialContext.java:284)
	at com.ptsesd.groepb.shared.jms.MessagingGateway.lookup(MessagingGateway.java:67)
Caused by: javax.naming.NamingException: Unable to acquire SerialContextProvider for SerialContext[myEnv={java.naming.factory.initial=com.sun.enterprise.naming.impl.SerialInitContextFactory, java.naming.factory.url.pkgs=com.sun.enterprise.naming, java.naming.factory.state=com.sun.corba.ee.impl.presentation.rmi.JNDIStateFactoryImpl} [Root exception is org.omg.CORBA.COMM_FAILURE: FINE: 00410001: Connection failure: socketType: IIOP_CLEAR_TEXT; hostname: localhost; port: 3700  vmcid: OMG  minor code: 1  completed: No]
	at com.sun.enterprise.naming.impl.SerialContext.getProvider(SerialContext.java:334)
	at com.sun.enterprise.naming.impl.SerialContext.lookup(SerialContext.java:477)
Caused by: org.omg.CORBA.COMM_FAILURE: FINE: 00410001: Connection failure: socketType: IIOP_CLEAR_TEXT; hostname: localhost; port: 3700  vmcid: OMG  minor code: 1  completed: No
	at com.sun.proxy.$Proxy28.connectFailure(Unknown Source)
	at com.sun.corba.ee.impl.transport.ConnectionImpl.&lt;init&gt;(ConnectionImpl.java:253)
	at com.sun.corba.ee.impl.transport.ConnectionImpl.&lt;init&gt;(ConnectionImpl.java:276)
	at com.sun.corba.ee.impl.transport.ContactInfoImpl.createConnection(ContactInfoImpl.java:129)
	at com.sun.corba.ee.impl.protocol.ClientRequestDispatcherImpl.beginRequest(ClientRequestDispatcherImpl.java:243)
	at com.sun.corba.ee.impl.protocol.ClientDelegateImpl.request(ClientDelegateImpl.java:227)
	at com.sun.corba.ee.impl.protocol.ClientDelegateImpl.is_a(ClientDelegateImpl.java:392)
	at org.omg.CORBA.portable.ObjectImpl._is_a(ObjectImpl.java:130)
	at org.omg.CosNaming.NamingContextHelper.narrow(NamingContextHelper.java:69)
	at com.sun.enterprise.naming.impl.SerialContext$ProviderCacheKey.getNameService(SerialContext.java:1205)
	at com.sun.enterprise.naming.impl.SerialContext.getRemoteProvider(SerialContext.java:393)
	at com.sun.enterprise.naming.impl.SerialContext.getProvider(SerialContext.java:329)
Caused by: java.lang.RuntimeException: java.net.ConnectException: Connection refused: connect
	at org.glassfish.enterprise.iiop.impl.IIOPSSLSocketFactory.createSocket(IIOPSSLSocketFactory.java:344)
	at com.sun.corba.ee.impl.transport.ConnectionImpl.&lt;init&gt;(ConnectionImpl.java:250)
Caused by: java.net.ConnectException: Connection refused: connect
	at sun.nio.ch.Net.connect0(Native Method)
	at sun.nio.ch.Net.connect(Net.java:465)
	at sun.nio.ch.Net.connect(Net.java:457)
	at sun.nio.ch.SocketChannelImpl.connect(SocketChannelImpl.java:670)
	at com.sun.corba.ee.impl.misc.ORBUtility.openSocketChannel(ORBUtility.java:110)
	at org.glassfish.enterprise.iiop.impl.IIOPSSLSocketFactory.createSocket(IIOPSSLSocketFactory.java:329)
</error>
  </testcase>
  <testcase classname="service.AuctionHouseTest" name="postItemToAuctionHouse" time="0.104" />
  <system-out><![CDATA[[EL Info]: 2014-04-23 14:36:48.501--ServerSession(926814604)--EclipseLink, version: Eclipse Persistence Services - 2.5.1.v20130918-f2b9fc5
[EL Info]: connection: 2014-04-23 14:36:48.825--ServerSession(926814604)--file:/C:/Users/Toon/Documents/NetBeansProjects/EnterpriseEconomy/build/jar/_EnterpriseEconomyPU login successful
]]></system-out>
  <system-err><![CDATA[apr 23, 2014 2:36:47 PM org.hibernate.validator.internal.util.Version <clinit>
INFO: HV000001: Hibernate Validator 5.0.0.Final
org.omg.CORBA.COMM_FAILURE: FINE: 00410001: Connection failure: socketType: IIOP_CLEAR_TEXT; hostname: localhost; port: 3700  vmcid: OMG  minor code: 1  completed: No
	at com.sun.proxy.$Proxy28.connectFailure(Unknown Source)
	at com.sun.corba.ee.impl.transport.ConnectionImpl.<init>(ConnectionImpl.java:253)
	at com.sun.corba.ee.impl.transport.ConnectionImpl.<init>(ConnectionImpl.java:276)
	at com.sun.corba.ee.impl.transport.ContactInfoImpl.createConnection(ContactInfoImpl.java:129)
	at com.sun.corba.ee.impl.protocol.ClientRequestDispatcherImpl.beginRequest(ClientRequestDispatcherImpl.java:243)
	at com.sun.corba.ee.impl.protocol.ClientDelegateImpl.request(ClientDelegateImpl.java:227)
	at com.sun.corba.ee.impl.protocol.ClientDelegateImpl.is_a(ClientDelegateImpl.java:392)
	at org.omg.CORBA.portable.ObjectImpl._is_a(ObjectImpl.java:130)
	at org.omg.CosNaming.NamingContextHelper.narrow(NamingContextHelper.java:69)
	at com.sun.enterprise.naming.impl.SerialContext$ProviderCacheKey.getNameService(SerialContext.java:1205)
	at com.sun.enterprise.naming.impl.SerialContext.getRemoteProvider(SerialContext.java:393)
	at com.sun.enterprise.naming.impl.SerialContext.getProvider(SerialContext.java:329)
	at com.sun.enterprise.naming.impl.SerialContext.lookup(SerialContext.java:477)
	at com.sun.enterprise.naming.impl.SerialContext.lookup(SerialContext.java:438)
	at javax.naming.InitialContext.lookup(InitialContext.java:411)
	at javax.naming.InitialContext.doLookup(InitialContext.java:284)
	at com.ptsesd.groepb.shared.jms.MessagingGateway.lookup(MessagingGateway.java:67)
	at com.ptsesd.groepb.shared.jms.MessagingGateway.<init>(MessagingGateway.java:76)
	at service.AuctionHouseTest.newItemForSaleRequest(AuctionHouseTest.java:139)
	at sun.reflect.NativeMethodAccessorImpl.invoke0(Native Method)
	at sun.reflect.NativeMethodAccessorImpl.invoke(NativeMethodAccessorImpl.java:57)
	at sun.reflect.DelegatingMethodAccessorImpl.invoke(DelegatingMethodAccessorImpl.java:43)
	at java.lang.reflect.Method.invoke(Method.java:606)
	at org.junit.runners.model.FrameworkMethod$1.runReflectiveCall(FrameworkMethod.java:45)
	at org.junit.internal.runners.model.ReflectiveCallable.run(ReflectiveCallable.java:15)
	at org.junit.runners.model.FrameworkMethod.invokeExplosively(FrameworkMethod.java:42)
	at org.junit.internal.runners.statements.InvokeMethod.evaluate(InvokeMethod.java:20)
	at org.junit.internal.runners.statements.RunBefores.evaluate(RunBefores.java:28)
	at org.junit.internal.runners.statements.RunAfters.evaluate(RunAfters.java:30)
	at org.junit.runners.ParentRunner.runLeaf(ParentRunner.java:263)
	at org.junit.runners.BlockJUnit4ClassRunner.runChild(BlockJUnit4ClassRunner.java:68)
	at org.junit.runners.BlockJUnit4ClassRunner.runChild(BlockJUnit4ClassRunner.java:47)
	at org.junit.runners.ParentRunner$3.run(ParentRunner.java:231)
	at org.junit.runners.ParentRunner$1.schedule(ParentRunner.java:60)
	at org.junit.runners.ParentRunner.runChildren(ParentRunner.java:229)
	at org.junit.runners.ParentRunner.access$000(ParentRunner.java:50)
	at org.junit.runners.ParentRunner$2.evaluate(ParentRunner.java:222)
	at org.junit.internal.runners.statements.RunBefores.evaluate(RunBefores.java:28)
	at org.junit.internal.runners.statements.RunAfters.evaluate(RunAfters.java:30)
	at org.junit.runners.ParentRunner.run(ParentRunner.java:300)
	at junit.framework.JUnit4TestAdapter.run(JUnit4TestAdapter.java:39)
	at org.apache.tools.ant.taskdefs.optional.junit.JUnitTestRunner.run(JUnitTestRunner.java:523)
	at org.apache.tools.ant.taskdefs.optional.junit.JUnitTestRunner.launch(JUnitTestRunner.java:1063)
	at org.apache.tools.ant.taskdefs.optional.junit.JUnitTestRunner.main(JUnitTestRunner.java:914)
Caused by: java.lang.RuntimeException: java.net.ConnectException: Connection refused: connect
	at org.glassfish.enterprise.iiop.impl.IIOPSSLSocketFactory.createSocket(IIOPSSLSocketFactory.java:344)
	at com.sun.corba.ee.impl.transport.ConnectionImpl.<init>(ConnectionImpl.java:250)
	... 42 more
Caused by: java.net.ConnectException: Connection refused: connect
	at sun.nio.ch.Net.connect0(Native Method)
	at sun.nio.ch.Net.connect(Net.java:465)
	at sun.nio.ch.Net.connect(Net.java:457)
	at sun.nio.ch.SocketChannelImpl.connect(SocketChannelImpl.java:670)
	at com.sun.corba.ee.impl.misc.ORBUtility.openSocketChannel(ORBUtility.java:110)
	at org.glassfish.enterprise.iiop.impl.IIOPSSLSocketFactory.createSocket(IIOPSSLSocketFactory.java:329)
	... 43 more
]]></system-err>
</testsuite>
